2024-04-30T20:05:43.935 INFO  console - Service 'JLU Net (jlu_network)' was refreshed successfully.
2024-04-30T20:05:43.958 INFO  console - Stopping service 'JLU Net (jlu_network)'...
2024-04-30T20:05:43.965 INFO  console - Service 'JLU Net (jlu_network)' has already stopped.
2024-04-30T20:06:22.583 INFO  console - Service 'JLU Net (jlu_network)' was refreshed successfully.
2024-04-30T20:06:22.606 INFO  console - Starting service 'JLU Net (jlu_network)'...
2024-04-30T20:06:22.965 FATAL console - Cannot start service 'jlu_network' on computer '.'.
2024-04-30T20:06:53.222 INFO  console - Service 'JLU Net (jlu_network)' was refreshed successfully.
2024-04-30T20:06:53.242 INFO  console - Starting service 'JLU Net (jlu_network)'...
2024-04-30T20:06:53.569 FATAL console - Cannot start service 'jlu_network' on computer '.'.
2024-04-30T22:03:33.233 INFO  console - Service 'JLU Net (jlu_network)' was refreshed successfully.
2024-04-30T22:03:33.256 INFO  console - Starting service 'JLU Net (jlu_network)'...
2024-04-30T22:03:33.587 FATAL console - Cannot start service 'jlu_network' on computer '.'.
2024-04-30T22:03:53.724 INFO  console - Service 'JLU Net (jlu_network)' was refreshed successfully.
2024-04-30T22:03:53.744 INFO  console - Starting service 'JLU Net (jlu_network)'...
2024-04-30T22:03:54.071 FATAL console - Cannot start service 'jlu_network' on computer '.'.
2024-04-30T22:04:25.719 INFO  console - Uninstalling service 'JLU Net (jlu_network)'...
2024-04-30T22:04:25.747 INFO  console - Service 'JLU Net (jlu_network)' was uninstalled successfully.
2024-04-30T22:04:35.104 INFO  console - Installing service 'JLU Net (jlu_network)'...
2024-04-30T22:04:35.141 INFO  console - Service 'JLU Net (jlu_network)' was installed successfully.
2024-04-30T22:04:41.181 INFO  console - Starting service 'JLU Net (jlu_network)'...
2024-04-30T22:04:41.534 DEBUG console - Starting WinSW in service mode.
2024-04-30T22:04:41.606 INFO  service - Starting D:\program\projects\JLU-net-connector\dogcom.exe
2024-04-30T22:04:41.630 INFO  service - Started process dogcom (16620).
2024-04-30T22:04:41.652 INFO  service - Service started successfully.
2024-04-30T22:04:41.858 INFO  console - Service 'JLU Net (jlu_network)' started successfully.
2024-04-30T22:06:38.573 INFO  service - Stopping jlu_network
2024-04-30T22:06:38.579 DEBUG service - ProcessKill 16620
2024-04-30T22:06:38.591 INFO  service - Child process 'dogcom (16620)' canceled with code -1073741510.
2024-04-30T22:06:38.619 INFO  service - Finished jlu_network
2024-04-30T22:06:38.620 INFO  service - Service stopped successfully.
2024-04-30T22:06:44.832 DEBUG console - Starting WinSW in service mode.
2024-04-30T22:06:44.871 INFO  service - Starting D:\program\projects\JLU-net-connector\dogcom.exe
2024-04-30T22:06:44.910 INFO  service - Started process dogcom (14736).
2024-04-30T22:06:44.949 INFO  service - Service started successfully.
2024-04-30T22:07:25.486 INFO  console - Service 'JLU Net (jlu_network)' was refreshed successfully.
2024-04-30T22:07:25.509 INFO  console - Stopping service 'JLU Net (jlu_network)'...
2024-04-30T22:07:25.514 INFO  service - Stopping jlu_network
2024-04-30T22:07:25.519 DEBUG service - ProcessKill 14736
2024-04-30T22:07:25.528 INFO  service - Child process 'dogcom (14736)' canceled with code -1073741510.
2024-04-30T22:07:25.554 INFO  service - Finished jlu_network
2024-04-30T22:07:25.554 INFO  service - Service stopped successfully.
2024-04-30T22:07:25.781 INFO  console - Starting service 'JLU Net (jlu_network)'...
2024-04-30T22:07:26.095 DEBUG console - Starting WinSW in service mode.
2024-04-30T22:07:26.133 FATAL console - Failed to open the service. 拒绝访问。
2024-04-30T22:07:26.177 FATAL console - Cannot start service 'jlu_network' on computer '.'.
2024-04-30T22:07:38.324 INFO  console - Uninstalling service 'JLU Net (jlu_network)'...
2024-04-30T22:07:38.352 INFO  console - Service 'JLU Net (jlu_network)' was uninstalled successfully.
2024-04-30T22:07:48.327 INFO  console - Installing service 'JLU Net (jlu_network)'...
2024-04-30T22:07:48.367 INFO  console - Service 'JLU Net (jlu_network)' was installed successfully.
2024-04-30T22:07:55.108 INFO  console - Service 'JLU Net (jlu_network)' was refreshed successfully.
2024-04-30T22:07:55.128 INFO  console - Starting service 'JLU Net (jlu_network)'...
2024-04-30T22:07:55.492 DEBUG console - Starting WinSW in service mode.
2024-04-30T22:07:55.521 FATAL console - Failed to open the service. 拒绝访问。
2024-04-30T22:07:55.567 FATAL console - Cannot start service 'jlu_network' on computer '.'.
2024-04-30T22:08:24.796 INFO  console - Service 'JLU Net (jlu_network)' was refreshed successfully.
2024-04-30T22:08:24.818 INFO  console - Starting service 'JLU Net (jlu_network)'...
2024-04-30T22:08:25.118 DEBUG console - Starting WinSW in service mode.
2024-04-30T22:08:25.151 FATAL console - Failed to open the service. 拒绝访问。
2024-04-30T22:08:25.196 FATAL console - Cannot start service 'jlu_network' on computer '.'.
2024-04-30T22:08:53.050 INFO  console - Service 'JLU Net (jlu_network)' was refreshed successfully.
2024-04-30T22:08:53.072 INFO  console - Starting service 'JLU Net (jlu_network)'...
2024-04-30T22:08:53.384 DEBUG console - Starting WinSW in service mode.
2024-04-30T22:08:53.417 FATAL console - Failed to open the service. 拒绝访问。
2024-04-30T22:08:53.454 FATAL console - Cannot start service 'jlu_network' on computer '.'.
2024-04-30T22:08:58.693 INFO  console - Service 'JLU Net (jlu_network)' was refreshed successfully.
2024-04-30T22:08:58.715 INFO  console - Starting service 'JLU Net (jlu_network)'...
2024-04-30T22:08:59.027 DEBUG console - Starting WinSW in service mode.
2024-04-30T22:08:59.062 FATAL console - Failed to open the service. 拒绝访问。
2024-04-30T22:08:59.107 FATAL console - Cannot start service 'jlu_network' on computer '.'.
2024-04-30T22:09:25.873 DEBUG console - Starting WinSW in service mode.
2024-04-30T22:09:25.902 FATAL console - Failed to open the service. 拒绝访问。
2024-04-30T22:09:37.571 INFO  console - Uninstalling service 'JLU Net (jlu_network)'...
2024-04-30T22:09:37.599 INFO  console - Service 'JLU Net (jlu_network)' was uninstalled successfully.
2024-04-30T22:09:43.877 INFO  console - Installing service 'JLU Net (jlu_network)'...
2024-04-30T22:09:43.914 INFO  console - Service 'JLU Net (jlu_network)' was installed successfully.
2024-04-30T22:09:46.772 DEBUG console - Starting WinSW in service mode.
2024-04-30T22:09:46.812 INFO  service - Starting D:\program\projects\JLU-net-connector\dogcom.exe
2024-04-30T22:09:46.846 INFO  service - Started process dogcom (12128).
2024-04-30T22:09:46.871 INFO  service - Service started successfully.
2024-04-30T22:10:04.402 INFO  service - Stopping jlu_network
2024-04-30T22:10:04.408 DEBUG service - ProcessKill 12128
2024-04-30T22:10:04.418 INFO  service - Child process 'dogcom (12128)' canceled with code -1073741510.
2024-04-30T22:10:04.444 INFO  service - Finished jlu_network
2024-04-30T22:10:04.445 INFO  service - Service stopped successfully.
2024-04-30T22:10:13.676 INFO  console - Starting service 'JLU Net (jlu_network)'...
2024-04-30T22:10:14.002 DEBUG console - Starting WinSW in service mode.
2024-04-30T22:10:14.040 INFO  service - Starting D:\program\projects\JLU-net-connector\dogcom.exe
2024-04-30T22:10:14.070 INFO  service - Started process dogcom (14736).
2024-04-30T22:10:14.090 INFO  service - Service started successfully.
2024-04-30T22:10:14.296 INFO  console - Service 'JLU Net (jlu_network)' started successfully.
2024-04-30T22:10:20.567 INFO  console - Stopping service 'JLU Net (jlu_network)'...
2024-04-30T22:10:20.595 INFO  service - Stopping jlu_network
2024-04-30T22:10:20.601 DEBUG service - ProcessKill 14736
2024-04-30T22:10:20.611 INFO  service - Child process 'dogcom (14736)' canceled with code -1073741510.
2024-04-30T22:10:20.642 INFO  service - Finished jlu_network
2024-04-30T22:10:20.643 INFO  service - Service stopped successfully.
2024-04-30T22:10:20.855 INFO  console - Service 'JLU Net (jlu_network)' stopped successfully.
2024-04-30T22:10:57.227 INFO  console - Starting service 'JLU Net (jlu_network)'...
2024-04-30T22:10:57.546 DEBUG console - Starting WinSW in service mode.
2024-04-30T22:10:57.584 INFO  service - Starting D:\program\projects\JLU-net-connector\dogcom.exe
2024-04-30T22:10:57.614 INFO  service - Started process dogcom (2040).
2024-04-30T22:10:57.635 INFO  service - Service started successfully.
2024-04-30T22:10:57.830 INFO  console - Service 'JLU Net (jlu_network)' started successfully.
2024-04-30T22:11:29.597 INFO  console - Service 'JLU Net (jlu_network)' was refreshed successfully.
2024-04-30T22:11:29.621 INFO  console - Stopping service 'JLU Net (jlu_network)'...
2024-04-30T22:11:29.627 INFO  service - Stopping jlu_network
2024-04-30T22:11:29.633 DEBUG service - ProcessKill 2040
2024-04-30T22:11:29.642 INFO  service - Child process 'dogcom (2040)' canceled with code -1073741510.
2024-04-30T22:11:29.671 INFO  service - Finished jlu_network
2024-04-30T22:11:29.672 INFO  service - Service stopped successfully.
2024-04-30T22:11:29.891 INFO  console - Service 'JLU Net (jlu_network)' stopped successfully.
2024-04-30T22:11:35.924 INFO  console - Uninstalling service 'JLU Net (jlu_network)'...
2024-04-30T22:11:35.953 INFO  console - Service 'JLU Net (jlu_network)' was uninstalled successfully.
2024-04-30T22:11:42.024 INFO  console - Installing service 'JLU Net (jlu_network)'...
2024-04-30T22:11:42.062 INFO  console - Service 'JLU Net (jlu_network)' was installed successfully.
2024-04-30T22:11:55.105 INFO  console - Starting service 'JLU Net (jlu_network)'...
2024-04-30T22:11:55.423 DEBUG console - Starting WinSW in service mode.
2024-04-30T22:11:55.463 INFO  service - Starting D:\program\projects\JLU-net-connector\dogcom.exe
2024-04-30T22:11:55.494 INFO  service - Started process dogcom (12352).
2024-04-30T22:11:55.515 INFO  service - Service started successfully.
2024-04-30T22:11:55.717 INFO  console - Service 'JLU Net (jlu_network)' started successfully.
2024-04-30T22:37:03.742 INFO  console - Stopping service 'JLU Net (jlu_network)'...
2024-04-30T22:37:03.767 INFO  service - Stopping jlu_network
2024-04-30T22:37:03.773 DEBUG service - ProcessKill 12352
2024-04-30T22:37:03.782 INFO  service - Child process 'dogcom (12352)' canceled with code -1073741510.
2024-04-30T22:37:03.810 INFO  service - Finished jlu_network
2024-04-30T22:37:03.811 INFO  service - Service stopped successfully.
2024-04-30T22:37:04.036 INFO  console - Service 'JLU Net (jlu_network)' stopped successfully.
2024-04-30T22:37:09.776 INFO  console - Uninstalling service 'JLU Net (jlu_network)'...
2024-04-30T22:37:09.804 INFO  console - Service 'JLU Net (jlu_network)' was uninstalled successfully.
